<?xml version="1.0" encoding="UTF-8"?>
<testng-results ignored="0" total="2" passed="2" failed="0" skipped="0">
  <reporter-output>
  </reporter-output>
  <suite started-at="2026-03-25T20:22:11 IST" name="Master Suite" finished-at="2026-03-25T20:22:30 IST" duration-ms="19041">
    <groups>
      <group name="Master">
        <method signature="TC001_AccountRegistartionTest.verify_acc_reg()[pri:0, instance:testCases.TC001_AccountRegistartionTest@32c4e8b2]" name="verify_acc_reg" class="testCases.TC001_AccountRegistartionTest"/>
        <method signature="TC002_LoginTest.verify_login()[pri:0, instance:testCases.TC002_LoginTest@7ae42ce3]" name="verify_login" class="testCases.TC002_LoginTest"/>
      </group> <!-- Master -->
      <group name="Sanity">
        <method signature="TC002_LoginTest.verify_login()[pri:0, instance:testCases.TC002_LoginTest@7ae42ce3]" name="verify_login" class="testCases.TC002_LoginTest"/>
      </group> <!-- Sanity -->
      <group name="Regression">
        <method signature="TC001_AccountRegistartionTest.verify_acc_reg()[pri:0, instance:testCases.TC001_AccountRegistartionTest@32c4e8b2]" name="verify_acc_reg" class="testCases.TC001_AccountRegistartionTest"/>
      </group> <!-- Regression -->
    </groups>
    <test started-at="2026-03-25T20:22:11 IST" name="Test" finished-at="2026-03-25T20:22:30 IST" duration-ms="19041">
      <class name="testCases.TC002_LoginTest">
        <test-method is-config="true" signature="setUp(java.lang.String,java.lang.String)[pri:0, instance:testCases.TC002_LoginTest@7ae42ce3]" started-at="2026-03-25T20:22:22 IST" name="setUp" finished-at="2026-03-25T20:22:27 IST" duration-ms="5198" status="PASS">
          <params>
            <param index="0">
              <value>
                <![CDATA[Windows]]>
              </value>
            </param>
            <param index="1">
              <value>
                <![CDATA[chrome]]>
              </value>
            </param>
          </params>
          <reporter-output>
          </reporter-output>
        </test-method> <!-- setUp -->
        <test-method signature="verify_login()[pri:0, instance:testCases.TC002_LoginTest@7ae42ce3]" started-at="2026-03-25T20:22:27 IST" name="verify_login" finished-at="2026-03-25T20:22:30 IST" duration-ms="2493" status="PASS">
          <reporter-output>
          </reporter-output>
        </test-method> <!-- verify_login -->
        <test-method is-config="true" signature="tearDown()[pri:0, instance:testCases.TC002_LoginTest@7ae42ce3]" started-at="2026-03-25T20:22:30 IST" name="tearDown" finished-at="2026-03-25T20:22:30 IST" duration-ms="228" status="PASS">
          <reporter-output>
          </reporter-output>
        </test-method> <!-- tearDown -->
      </class> <!-- testCases.TC002_LoginTest -->
      <class name="testCases.TC001_AccountRegistartionTest">
        <test-method is-config="true" signature="setUp(java.lang.String,java.lang.String)[pri:0, instance:testCases.TC001_AccountRegistartionTest@32c4e8b2]" started-at="2026-03-25T20:22:11 IST" name="setUp" finished-at="2026-03-25T20:22:19 IST" duration-ms="7932" status="PASS">
          <params>
            <param index="0">
              <value>
                <![CDATA[Windows]]>
              </value>
            </param>
            <param index="1">
              <value>
                <![CDATA[chrome]]>
              </value>
            </param>
          </params>
          <reporter-output>
          </reporter-output>
        </test-method> <!-- setUp -->
        <test-method signature="verify_acc_reg()[pri:0, instance:testCases.TC001_AccountRegistartionTest@32c4e8b2]" started-at="2026-03-25T20:22:19 IST" name="verify_acc_reg" finished-at="2026-03-25T20:22:22 IST" duration-ms="2674" status="PASS">
          <reporter-output>
          </reporter-output>
        </test-method> <!-- verify_acc_reg -->
        <test-method is-config="true" signature="tearDown()[pri:0, instance:testCases.TC001_AccountRegistartionTest@32c4e8b2]" started-at="2026-03-25T20:22:22 IST" name="tearDown" finished-at="2026-03-25T20:22:22 IST" duration-ms="245" status="PASS">
          <reporter-output>
          </reporter-output>
        </test-method> <!-- tearDown -->
      </class> <!-- testCases.TC001_AccountRegistartionTest -->
    </test> <!-- Test -->
  </suite> <!-- Master Suite -->
</testng-results>
