<?xml version="1.0" encoding="UTF-8"?>
<testng-results ignored="0" total="4" passed="4" failed="0" skipped="0">
  <reporter-output>
  </reporter-output>
  <suite started-at="2025-12-11T16:11:41 IST" name="Suite" finished-at="2025-12-11T16:12:21 IST" duration-ms="40002">
    <groups>
      <group name="Master">
        <method signature="TC001_AccountRegistartionTest.verify_acc_reg()[pri:0, instance:testCases.TC001_AccountRegistartionTest@4b1d6571]" name="verify_acc_reg" class="testCases.TC001_AccountRegistartionTest"/>
        <method signature="TC002_LoginTest.verify_login()[pri:0, instance:testCases.TC002_LoginTest@16414e40]" name="verify_login" class="testCases.TC002_LoginTest"/>
        <method signature="TC001_AccountRegistartionTest.verify_acc_reg()[pri:0, instance:testCases.TC001_AccountRegistartionTest@32f232a5]" name="verify_acc_reg" class="testCases.TC001_AccountRegistartionTest"/>
        <method signature="TC002_LoginTest.verify_login()[pri:0, instance:testCases.TC002_LoginTest@43f82e78]" name="verify_login" class="testCases.TC002_LoginTest"/>
      </group> <!-- Master -->
      <group name="Sanity">
        <method signature="TC002_LoginTest.verify_login()[pri:0, instance:testCases.TC002_LoginTest@16414e40]" name="verify_login" class="testCases.TC002_LoginTest"/>
        <method signature="TC002_LoginTest.verify_login()[pri:0, instance:testCases.TC002_LoginTest@43f82e78]" name="verify_login" class="testCases.TC002_LoginTest"/>
      </group> <!-- Sanity -->
      <group name="Regression">
        <method signature="TC001_AccountRegistartionTest.verify_acc_reg()[pri:0, instance:testCases.TC001_AccountRegistartionTest@4b1d6571]" name="verify_acc_reg" class="testCases.TC001_AccountRegistartionTest"/>
        <method signature="TC001_AccountRegistartionTest.verify_acc_reg()[pri:0, instance:testCases.TC001_AccountRegistartionTest@32f232a5]" name="verify_acc_reg" class="testCases.TC001_AccountRegistartionTest"/>
      </group> <!-- Regression -->
    </groups>
    <test started-at="2025-12-11T16:11:41 IST" name="Linux-Chrome" finished-at="2025-12-11T16:12:00 IST" duration-ms="19106">
      <class name="testCases.TC002_LoginTest">
        <test-method is-config="true" signature="setUp(java.lang.String,java.lang.String)[pri:0, instance:testCases.TC002_LoginTest@16414e40]" started-at="2025-12-11T16:11:53 IST" name="setUp" finished-at="2025-12-11T16:11:57 IST" duration-ms="4437" status="PASS">
          <params>
            <param index="0">
              <value>
                <![CDATA[Linux]]>
              </value>
            </param>
            <param index="1">
              <value>
                <![CDATA[chrome]]>
              </value>
            </param>
          </params>
          <reporter-output>
          </reporter-output>
        </test-method> <!-- setUp -->
        <test-method signature="verify_login()[pri:0, instance:testCases.TC002_LoginTest@16414e40]" started-at="2025-12-11T16:11:57 IST" name="verify_login" finished-at="2025-12-11T16:12:00 IST" duration-ms="2737" status="PASS">
          <reporter-output>
          </reporter-output>
        </test-method> <!-- verify_login -->
        <test-method is-config="true" signature="tearDown()[pri:0, instance:testCases.TC002_LoginTest@16414e40]" started-at="2025-12-11T16:12:00 IST" name="tearDown" finished-at="2025-12-11T16:12:00 IST" duration-ms="88" status="PASS">
          <reporter-output>
          </reporter-output>
        </test-method> <!-- tearDown -->
      </class> <!-- testCases.TC002_LoginTest -->
      <class name="testCases.TC001_AccountRegistartionTest">
        <test-method is-config="true" signature="setUp(java.lang.String,java.lang.String)[pri:0, instance:testCases.TC001_AccountRegistartionTest@4b1d6571]" started-at="2025-12-11T16:11:41 IST" name="setUp" finished-at="2025-12-11T16:11:50 IST" duration-ms="8769" status="PASS">
          <params>
            <param index="0">
              <value>
                <![CDATA[Linux]]>
              </value>
            </param>
            <param index="1">
              <value>
                <![CDATA[chrome]]>
              </value>
            </param>
          </params>
          <reporter-output>
          </reporter-output>
        </test-method> <!-- setUp -->
        <test-method signature="verify_acc_reg()[pri:0, instance:testCases.TC001_AccountRegistartionTest@4b1d6571]" started-at="2025-12-11T16:11:50 IST" name="verify_acc_reg" finished-at="2025-12-11T16:11:53 IST" duration-ms="2661" status="PASS">
          <reporter-output>
          </reporter-output>
        </test-method> <!-- verify_acc_reg -->
        <test-method is-config="true" signature="tearDown()[pri:0, instance:testCases.TC001_AccountRegistartionTest@4b1d6571]" started-at="2025-12-11T16:11:53 IST" name="tearDown" finished-at="2025-12-11T16:11:53 IST" duration-ms="103" status="PASS">
          <reporter-output>
          </reporter-output>
        </test-method> <!-- tearDown -->
      </class> <!-- testCases.TC001_AccountRegistartionTest -->
    </test> <!-- Linux-Chrome -->
    <test started-at="2025-12-11T16:12:03 IST" name="Linux-Edge" finished-at="2025-12-11T16:12:21 IST" duration-ms="17755">
      <class name="testCases.TC002_LoginTest">
        <test-method is-config="true" signature="setUp(java.lang.String,java.lang.String)[pri:0, instance:testCases.TC002_LoginTest@43f82e78]" started-at="2025-12-11T16:12:13 IST" name="setUp" finished-at="2025-12-11T16:12:18 IST" duration-ms="4686" status="PASS">
          <params>
            <param index="0">
              <value>
                <![CDATA[Linux]]>
              </value>
            </param>
            <param index="1">
              <value>
                <![CDATA[edge]]>
              </value>
            </param>
          </params>
          <reporter-output>
          </reporter-output>
        </test-method> <!-- setUp -->
        <test-method signature="verify_login()[pri:0, instance:testCases.TC002_LoginTest@43f82e78]" started-at="2025-12-11T16:12:18 IST" name="verify_login" finished-at="2025-12-11T16:12:21 IST" duration-ms="2894" status="PASS">
          <reporter-output>
          </reporter-output>
        </test-method> <!-- verify_login -->
        <test-method is-config="true" signature="tearDown()[pri:0, instance:testCases.TC002_LoginTest@43f82e78]" started-at="2025-12-11T16:12:21 IST" name="tearDown" finished-at="2025-12-11T16:12:21 IST" duration-ms="131" status="PASS">
          <reporter-output>
          </reporter-output>
        </test-method> <!-- tearDown -->
      </class> <!-- testCases.TC002_LoginTest -->
      <class name="testCases.TC001_AccountRegistartionTest">
        <test-method is-config="true" signature="setUp(java.lang.String,java.lang.String)[pri:0, instance:testCases.TC001_AccountRegistartionTest@32f232a5]" started-at="2025-12-11T16:12:03 IST" name="setUp" finished-at="2025-12-11T16:12:10 IST" duration-ms="7041" status="PASS">
          <params>
            <param index="0">
              <value>
                <![CDATA[Linux]]>
              </value>
            </param>
            <param index="1">
              <value>
                <![CDATA[edge]]>
              </value>
            </param>
          </params>
          <reporter-output>
          </reporter-output>
        </test-method> <!-- setUp -->
        <test-method signature="verify_acc_reg()[pri:0, instance:testCases.TC001_AccountRegistartionTest@32f232a5]" started-at="2025-12-11T16:12:10 IST" name="verify_acc_reg" finished-at="2025-12-11T16:12:13 IST" duration-ms="2787" status="PASS">
          <reporter-output>
          </reporter-output>
        </test-method> <!-- verify_acc_reg -->
        <test-method is-config="true" signature="tearDown()[pri:0, instance:testCases.TC001_AccountRegistartionTest@32f232a5]" started-at="2025-12-11T16:12:13 IST" name="tearDown" finished-at="2025-12-11T16:12:13 IST" duration-ms="118" status="PASS">
          <reporter-output>
          </reporter-output>
        </test-method> <!-- tearDown -->
      </class> <!-- testCases.TC001_AccountRegistartionTest -->
    </test> <!-- Linux-Edge -->
  </suite> <!-- Suite -->
</testng-results>
