<?xml version="1.0" encoding="UTF-8"?>
<!-- Generated by org.testng.reporters.JUnitReportReporter -->
<testsuite hostname="LAPTOP-8IINSRMD" failures="0" tests="2" name="testCases.TC001_AccountRegistartionTest" time="5.448" errors="0" timestamp="2025-12-11T16:12:24 IST" skipped="0">
  <testcase classname="testCases.TC001_AccountRegistartionTest" name="verify_acc_reg" time="2.787"/>
  <testcase classname="testCases.TC001_AccountRegistartionTest" name="verify_acc_reg" time="2.661"/>
</testsuite> <!-- testCases.TC001_AccountRegistartionTest -->
